Γû▓ Next.js 16.1.6 (Turbopack)
- Environments: .env.local

node.exe : ΓÜá The "middleware" file 
convention is deprecated. Please use 
"proxy" instead. Learn more: https://nextjs.
org/docs/messages/middleware-to-proxy
At C:\Program Files\nodejs\npx.ps1:29 char:3
+   & $NODE_EXE $NPX_CLI_JS $args
+   ~~~~~~~~~~~~~~~~~~~~~~~~~~~~~
    + CategoryInfo          : NotSpecified: 
    (ΓÜá The "middle...leware-to-proxy:Str  
  ing) [], RemoteException
    + FullyQualifiedErrorId : NativeCommand 
   Error
 
  Creating an optimized production build ...
Γ£ô Compiled successfully in 22.0s
  Running TypeScript ...
Failed to compile.

.next/dev/types/validator.ts:261:31
Type error: Type 'typeof import("E:/zubizo_w
ebsite/src/app/api/admin/employees/[id]/rout
e")' does not satisfy the constraint 'RouteH
andlerConfig<"/api/admin/employees/[id]">'.
  Types of property 'PUT' are incompatible.
    Type '(req: NextRequest, { params }: { 
params: { id: string; }; }) => 
Promise<Response>' is not assignable to 
type '(request: NextRequest, context: { 
params: Promise<{ id: string; }>; }) => 
void | Response | Promise<void | Response>'.
      Types of parameters '__1' and 
'context' are incompatible.
        Type '{ params: Promise<{ id: 
string; }>; }' is not assignable to type '{ 
params: { id: string; }; }'.
          Types of property 'params' are 
incompatible.
            Property 'id' is missing in 
type 'Promise<{ id: string; }>' but 
required in type '{ id: string; }'.

[0m [90m 259 |[39m   type 
__IsExpected[33m<[39m[33mSpecific[39m 
[36mextends[39m [33mRouteHandlerConfig[3
9m[33m<[39m[32m"/api/admin/employees/[id]
"[39m[33m>>[39m [33m=[39m 
[33mSpecific[39m
 [90m 260 |[39m   [36mconst[39m handler 
[33m=[39m {} [36mas[39m 
[36mtypeof[39m [36mimport[39m([32m"../.
./../src/app/api/admin/employees/[id]/route.
js"[39m)
[31m[1m>[22m[39m[90m 261 |[39m   type 
__Check [33m=[39m 
__IsExpected[33m<[39m[36mtypeof[39m 
handler[33m>[39m
 [90m     |[39m                           
    [31m[1m^[22m[39m
 [90m 262 |[39m   [90m// @ts-ignore[39m
 [90m 263 |[39m   type __Unused 
[33m=[39m __Check
 [90m 264 |[39m }[0m
Next.js build worker exited with code: 1 
and signal: null
